<?xml version="1.0" encoding="UTF-8"?>
<!-- Generated by org.testng.reporters.JUnitReportReporter -->
<testsuite hostname="LAPTOP-PL07RRNT" failures="0" tests="3" name="Asserts_demo.Runsame_test" time="24.500" errors="0" timestamp="2025-08-18T13:18:39 IST" skipped="1">
  <testcase classname="Asserts_demo.Runsame_test" name="search" time="10.614"/>
  <testcase classname="Asserts_demo.Runsame_test" name="search" time="13.886"/>
  <testcase classname="Asserts_demo.Runsame_test" name="login">
    <skipped/>
  </testcase> <!-- login -->
</testsuite> <!-- Asserts_demo.Runsame_test -->
