<?xml version="1.0" encoding="UTF-8"?>
<!-- Generated by org.testng.reporters.JUnitReportReporter -->
<testsuite hostname="LAPTOP-PL07RRNT" failures="0" tests="4" name="Asserts_demo.Dataprovider" time="34.257" errors="0" timestamp="2025-08-18T15:07:37 IST" skipped="0">
  <testcase classname="Asserts_demo.Dataprovider" name="search" time="10.081"/>
  <testcase classname="Asserts_demo.Dataprovider" name="search" time="7.461"/>
  <testcase classname="Asserts_demo.Dataprovider" name="search" time="7.357"/>
  <testcase classname="Asserts_demo.Dataprovider" name="search" time="9.358"/>
</testsuite> <!-- Asserts_demo.Dataprovider -->
