<?xml version="1.0" encoding="UTF-8"?>
<!-- Generated by org.testng.reporters.JUnitReportReporter -->
<testsuite hostname="LAPTOP-PL07RRNT" failures="0" tests="3" name="Testing_package.crossbrowser_testing" time="32.041" errors="0" timestamp="2025-08-14T15:03:45 IST" skipped="0">
  <testcase classname="Testing_package.crossbrowser_testing" name="chromebrowser" time="7.236"/>
  <testcase classname="Testing_package.crossbrowser_testing" name="firefoxbrowser" time="17.518"/>
  <testcase classname="Testing_package.crossbrowser_testing" name="edgebrowser" time="7.287"/>
</testsuite> <!-- Testing_package.crossbrowser_testing -->
