<?xml version="1.0" encoding="UTF-8"?>
<!-- Generated by org.testng.reporters.JUnitReportReporter -->
<testsuite hostname="LAPTOP-PL07RRNT" failures="0" tests="4" name="Testing_package.Para_testing" time="24.427" errors="0" timestamp="2025-08-14T12:49:30 IST" skipped="0">
  <testcase classname="Testing_package.Para_testing" name="flipkart" time="7.604"/>
  <testcase classname="Testing_package.Para_testing" name="zerobank" time="6.947"/>
  <testcase classname="Testing_package.Para_testing" name="amazon" time="6.832"/>
  <testcase classname="Testing_package.Para_testing" name="ebay" time="3.044"/>
</testsuite> <!-- Testing_package.Para_testing -->
