<?xml version="1.0" encoding="UTF-8"?>
<!-- Generated by org.testng.reporters.JUnitReportReporter -->
<testsuite hostname="LAPTOP-PL07RRNT" failures="0" tests="2" name="Testing_package.Ebay_testing" time="15.937" errors="0" timestamp="2025-08-13T12:25:36 IST" skipped="0">
  <testcase classname="Testing_package.Ebay_testing" name="search1" time="2.814"/>
  <testcase classname="Testing_package.Ebay_testing" name="search" time="13.123"/>
</testsuite> <!-- Testing_package.Ebay_testing -->
