<?xml version="1.0" encoding="UTF-8"?>
<!-- Generated by org.testng.reporters.JUnitReportReporter -->
<testsuite hostname="LAPTOP-PL07RRNT" failures="0" tests="1" name="Testing_package.Ebay_login" time="4.480" errors="0" timestamp="2025-08-18T22:28:51 IST" skipped="0">
  <testcase classname="Testing_package.Ebay_login" name="login" time="4.480"/>
</testsuite> <!-- Testing_package.Ebay_login -->
