<?xml version="1.0" encoding="UTF-8"?>
<!-- Generated by org.testng.reporters.JUnitReportReporter -->
<testsuite hostname="LAPTOP-PL07RRNT" failures="0" tests="1" name="Testing_package.Testclass2" time="6.465" errors="0" timestamp="2025-08-14T13:03:55 IST" skipped="0">
  <testcase classname="Testing_package.Testclass2" name="flipkart" time="6.465"/>
</testsuite> <!-- Testing_package.Testclass2 -->
