<?xml version="1.0" encoding="UTF-8"?>
<!-- Generated by org.testng.reporters.JUnitReportReporter -->
<testsuite hostname="LAPTOP-PL07RRNT" failures="0" tests="1" name="Testing_package.Wait_example" time="5.932" errors="0" timestamp="2025-08-14T15:22:45 IST" skipped="0">
  <testcase classname="Testing_package.Wait_example" name="openpage" time="5.932"/>
</testsuite> <!-- Testing_package.Wait_example -->
