<?xml version="1.0" encoding="UTF-8"?>
<!-- Generated by org.testng.reporters.JUnitReportReporter -->
<testsuite hostname="LAPTOP-PL07RRNT" failures="0" tests="1" name="Asserts_demo.logintest" time="0.009" errors="0" timestamp="2025-08-18T15:03:56 IST" skipped="0">
  <testcase classname="Asserts_demo.logintest" name="login" time="0.009"/>
</testsuite> <!-- Asserts_demo.logintest -->
