<?xml version="1.0" encoding="UTF-8"?>
<!-- Generated by org.testng.reporters.JUnitReportReporter -->
<testsuite hostname="LAPTOP-PL07RRNT" failures="0" tests="3" name="Asserts_demo.dependent_testcases" time="29.813" errors="0" timestamp="2025-08-18T15:02:39 IST" skipped="0">
  <testcase classname="Asserts_demo.dependent_testcases" name="search" time="19.387"/>
  <testcase classname="Asserts_demo.dependent_testcases" name="addtocart" time="6.090"/>
  <testcase classname="Asserts_demo.dependent_testcases" name="login" time="4.336"/>
</testsuite> <!-- Asserts_demo.dependent_testcases -->
