<?xml version="1.0" encoding="UTF-8"?>
<!-- Generated by org.testng.reporters.JUnitReportReporter -->
<testsuite hostname="LAPTOP-PL07RRNT" failures="0" tests="1" name="Testing_package.Explicit_wait" time="5.193" errors="0" timestamp="2025-08-14T16:39:39 IST" skipped="0">
  <testcase classname="Testing_package.Explicit_wait" name="f" time="5.193"/>
</testsuite> <!-- Testing_package.Explicit_wait -->
