<?xml version="1.0" encoding="UTF-8"?>
<!-- Generated by org.testng.reporters.JUnitReportReporter -->
<testsuite hostname="LAPTOP-PL07RRNT" failures="0" tests="1" name="Jenkins_package.NewTest" time="6.863" errors="0" timestamp="2025-08-25T16:47:55 IST" skipped="0">
  <testcase classname="Jenkins_package.NewTest" name="f" time="6.863"/>
</testsuite> <!-- Jenkins_package.NewTest -->
