<?xml version="1.0" encoding="UTF-8"?>
<!-- Generated by org.testng.reporters.JUnitReportReporter -->
<testsuite hostname="LAPTOP-PL07RRNT" failures="0" tests="2" name="Hospital_management.Hospital_management_test" time="1.493" errors="0" timestamp="2025-08-23T15:21:57 IST" skipped="0">
  <testcase classname="Hospital_management.Hospital_management_test" name="testValidLoginWithMockDB" time="0.024"/>
  <testcase classname="Hospital_management.Hospital_management_test" name="testInvalidLoginWithMockDB" time="1.469"/>
</testsuite> <!-- Hospital_management.Hospital_management_test -->
